<?xml version="1.0" encoding="UTF-8"?>
<testng-results ignored="0" total="1" passed="1" failed="0" skipped="0">
  <reporter-output>
  </reporter-output>
  <suite started-at="2024-09-20T19:02:57 IST" name="Default suite" finished-at="2024-09-20T19:03:21 IST" duration-ms="24464">
    <groups>
    </groups>
    <test started-at="2024-09-20T19:02:57 IST" name="Default test" finished-at="2024-09-20T19:03:21 IST" duration-ms="24464">
      <class name="com.maven_testing.OpenMrsRunner">
        <test-method is-config="true" signature="extendStartup()[pri:0, instance:com.maven_testing.OpenMrsRunner@13ad5cd3]" started-at="2024-09-20T19:02:56 IST" name="extendStartup" finished-at="2024-09-20T19:02:57 IST" duration-ms="868" status="PASS">
          <reporter-output>
          </reporter-output>
        </test-method> <!-- extendStartup -->
        <test-method is-config="true" signature="setUp()[pri:0, instance:com.maven_testing.OpenMrsRunner@13ad5cd3]" started-at="2024-09-20T19:02:57 IST" name="setUp" finished-at="2024-09-20T19:03:10 IST" duration-ms="12810" status="PASS">
          <reporter-output>
          </reporter-output>
        </test-method> <!-- setUp -->
        <test-method signature="validLoginTest()[pri:0, instance:com.maven_testing.OpenMrsRunner@13ad5cd3]" started-at="2024-09-20T19:03:10 IST" name="validLoginTest" finished-at="2024-09-20T19:03:20 IST" duration-ms="10683" status="PASS">
          <reporter-output>
          </reporter-output>
        </test-method> <!-- validLoginTest -->
        <test-method is-config="true" signature="termination()[pri:0, instance:com.maven_testing.OpenMrsRunner@13ad5cd3]" started-at="2024-09-20T19:03:21 IST" name="termination" finished-at="2024-09-20T19:03:21 IST" duration-ms="483" status="PASS">
          <reporter-output>
          </reporter-output>
        </test-method> <!-- termination -->
        <test-method is-config="true" signature="ExtendReportEnd()[pri:0, instance:com.maven_testing.OpenMrsRunner@13ad5cd3]" started-at="2024-09-20T19:03:21 IST" name="ExtendReportEnd" finished-at="2024-09-20T19:03:24 IST" duration-ms="2430" status="PASS">
          <reporter-output>
          </reporter-output>
        </test-method> <!-- ExtendReportEnd -->
      </class> <!-- com.maven_testing.OpenMrsRunner -->
    </test> <!-- Default test -->
  </suite> <!-- Default suite -->
</testng-results>
